# JRE version: OpenJDK Runtime Environment Temurin-25.0.2+10 (25.0.2+10) (build 25.0.2+10-LTS)
# Java VM: OpenJDK 64-Bit Server VM Temurin-25.0.2+10 (25.0.2+10-LTS, mixed mode, sharing, tiered, compressed oops, compressed class ptrs, g1 gc, windows-amd64)
GC Precious Log:
 CardTable entry size: 512
 Card Set container configuration: InlinePtr #cards 5 size 8 Array Of Cards #cards 10 size 36 Howl #buckets 4 coarsen threshold 1843 Howl Bitmap #cards 512 size 80 coarsen threshold 460 Card regions per heap region 1 cards per card region 2048
 CPUs: 8 total, 8 available
 Memory: 7815M
 Large Page Support: Disabled
 NUMA Support: Disabled
 Compressed Oops: Enabled (32-bit)
 Heap Region Size: 1M
 Heap Min Capacity: 8M
 Heap Initial Capacity: 124M
 Heap Max Capacity: 1954M
 Pre-touch: Disabled
 Parallel Workers: 8
 Concurrent Workers: 2
 Concurrent Refinement Workers: 8
 Periodic GC: Disabled
Heap:
 garbage-first heap   total reserved 2000896K, committed 364544K, used 163355K [0x0000000085e00000, 0x0000000100000000)
  region size 1024K, 3 young (3072K), 3 survivors (3072K)
GC Heap Usage History (20 events):
Event: 14.149 {heap After GC invocations=14 (full 0):
 garbage-first heap   total reserved 2000896K, committed 160768K, used 79333K [0x0000000085e00000, 0x0000000100000000)
  region size 1024K, 4 young (4096K), 4 survivors (4096K)
}
Event: 14.318 {heap Before GC invocations=14 (full 0):
 garbage-first heap   total reserved 2000896K, committed 160768K, used 139749K [0x0000000085e00000, 0x0000000100000000)
  region size 1024K, 64 young (65536K), 4 survivors (4096K)
}
Event: 14.332 {heap After GC invocations=15 (full 0):
 garbage-first heap   total reserved 2000896K, committed 160768K, used 83015K [0x0000000085e00000, 0x0000000100000000)
  region size 1024K, 8 young (8192K), 8 survivors (8192K)
}
Event: 14.549 {heap Before GC invocations=16 (full 0):
 garbage-first heap   total reserved 2000896K, committed 160768K, used 137287K [0x0000000085e00000, 0x0000000100000000)
  region size 1024K, 66 young (67584K), 8 survivors (8192K)
}
Event: 14.566 {heap After GC invocations=17 (full 0):
 garbage-first heap   total reserved 2000896K, committed 160768K, used 81830K [0x0000000085e00000, 0x0000000100000000)
  region size 1024K, 7 young (7168K), 7 survivors (7168K)
}
Event: 14.717 {heap Before GC invocations=17 (full 0):
 garbage-first heap   total reserved 2000896K, committed 160768K, used 143270K [0x0000000085e00000, 0x0000000100000000)
  region size 1024K, 68 young (69632K), 7 survivors (7168K)
}
Event: 14.739 {heap After GC invocations=18 (full 0):
 garbage-first heap   total reserved 2000896K, committed 364544K, used 73691K [0x0000000085e00000, 0x0000000100000000)
  region size 1024K, 7 young (7168K), 7 survivors (7168K)
}
Event: 18.227 {heap Before GC invocations=18 (full 0):
 garbage-first heap   total reserved 2000896K, committed 364544K, used 283611K [0x0000000085e00000, 0x0000000100000000)
  region size 1024K, 213 young (218112K), 7 survivors (7168K)
}
Event: 18.248 {heap After GC invocations=19 (full 0):
 garbage-first heap   total reserved 2000896K, committed 364544K, used 79443K [0x0000000085e00000, 0x0000000100000000)
  region size 1024K, 13 young (13312K), 13 survivors (13312K)
}
Event: 20.993 {heap Before GC invocations=19 (full 0):
 garbage-first heap   total reserved 2000896K, committed 364544K, used 318035K [0x0000000085e00000, 0x0000000100000000)
  region size 1024K, 213 young (218112K), 13 survivors (13312K)
}
Event: 21.015 {heap After GC invocations=20 (full 0):
 garbage-first heap   total reserved 2000896K, committed 364544K, used 82907K [0x0000000085e00000, 0x0000000100000000)
  region size 1024K, 16 young (16384K), 16 survivors (16384K)
}
Event: 22.438 {heap Before GC invocations=20 (full 0):
 garbage-first heap   total reserved 2000896K, committed 364544K, used 267227K [0x0000000085e00000, 0x0000000100000000)
  region size 1024K, 107 young (109568K), 16 survivors (16384K)
}
Event: 22.463 {heap After GC invocations=21 (full 0):
 garbage-first heap   total reserved 2000896K, committed 364544K, used 174760K [0x0000000085e00000, 0x0000000100000000)
  region size 1024K, 15 young (15360K), 15 survivors (15360K)
}
Event: 22.477 {heap Before GC invocations=21 (full 0):
 garbage-first heap   total reserved 2000896K, committed 364544K, used 191144K [0x0000000085e00000, 0x0000000100000000)
  region size 1024K, 17 young (17408K), 15 survivors (15360K)
}
Event: 22.501 {heap After GC invocations=22 (full 0):
 garbage-first heap   total reserved 2000896K, committed 364544K, used 164384K [0x0000000085e00000, 0x0000000100000000)
  region size 1024K, 5 young (5120K), 5 survivors (5120K)
}
Event: 22.636 {heap Before GC invocations=22 (full 0):
 garbage-first heap   total reserved 2000896K, committed 364544K, used 173600K [0x0000000085e00000, 0x0000000100000000)
  region size 1024K, 13 young (13312K), 5 survivors (5120K)
}
Event: 22.645 {heap After GC invocations=23 (full 0):
 garbage-first heap   total reserved 2000896K, committed 364544K, used 165484K [0x0000000085e00000, 0x0000000100000000)
  region size 1024K, 4 young (4096K), 4 survivors (4096K)
}
Event: 22.658 {heap Before GC invocations=23 (full 0):
 garbage-first heap   total reserved 2000896K, committed 364544K, used 180844K [0x0000000085e00000, 0x0000000100000000)
  region size 1024K, 5 young (5120K), 4 survivors (4096K)
}
Event: 22.665 {heap After GC invocations=24 (full 0):
 garbage-first heap   total reserved 2000896K, committed 364544K, used 161197K [0x0000000085e00000, 0x0000000100000000)
  region size 1024K, 3 young (3072K), 3 survivors (3072K)
}
Event: 22.772 {heap Before GC invocations=24 (full 0):
 garbage-first heap   total reserved 2000896K, committed 364544K, used 170413K [0x0000000085e00000, 0x0000000100000000)
  region size 1024K, 11 young (11264K), 3 survivors (3072K)
}

