# JRE version: OpenJDK Runtime Environment Temurin-25.0.2+10 (25.0.2+10) (build 25.0.2+10-LTS)
# Java VM: OpenJDK 64-Bit Server VM Temurin-25.0.2+10 (25.0.2+10-LTS, mixed mode, sharing, tiered, compressed oops, compressed class ptrs, g1 gc, windows-amd64)
GC Precious Log:
 CardTable entry size: 512
 Card Set container configuration: InlinePtr #cards 5 size 8 Array Of Cards #cards 10 size 36 Howl #buckets 4 coarsen threshold 1843 Howl Bitmap #cards 512 size 80 coarsen threshold 460 Card regions per heap region 1 cards per card region 2048
 CPUs: 8 total, 8 available
 Memory: 7815M
 Large Page Support: Disabled
 NUMA Support: Disabled
 Compressed Oops: Enabled (32-bit)
 Heap Region Size: 1M
 Heap Min Capacity: 8M
 Heap Initial Capacity: 124M
 Heap Max Capacity: 1954M
 Pre-touch: Disabled
 Parallel Workers: 8
 Concurrent Workers: 2
 Concurrent Refinement Workers: 8
 Periodic GC: Disabled
Heap:
 garbage-first heap   total reserved 2000896K, committed 240640K, used 60287K [0x0000000085e00000, 0x0000000100000000)
  region size 1024K, 2 young (2048K), 2 survivors (2048K)
GC Heap Usage History (20 events):
Event: 9.106 {heap After GC invocations=8 (full 0):
 garbage-first heap   total reserved 2000896K, committed 118784K, used 47104K [0x0000000085e00000, 0x0000000100000000)
  region size 1024K, 4 young (4096K), 4 survivors (4096K)
}
Event: 10.707 {heap Before GC invocations=9 (full 0):
 garbage-first heap   total reserved 2000896K, committed 118784K, used 91136K [0x0000000085e00000, 0x0000000100000000)
  region size 1024K, 47 young (48128K), 4 survivors (4096K)
}
Event: 10.734 {heap After GC invocations=10 (full 0):
 garbage-first heap   total reserved 2000896K, committed 118784K, used 46892K [0x0000000085e00000, 0x0000000100000000)
  region size 1024K, 3 young (3072K), 3 survivors (3072K)
}
Event: 11.469 {heap Before GC invocations=10 (full 0):
 garbage-first heap   total reserved 2000896K, committed 118784K, used 96044K [0x0000000085e00000, 0x0000000100000000)
  region size 1024K, 49 young (50176K), 3 survivors (3072K)
}
Event: 11.492 {heap After GC invocations=11 (full 0):
 garbage-first heap   total reserved 2000896K, committed 118784K, used 49561K [0x0000000085e00000, 0x0000000100000000)
  region size 1024K, 6 young (6144K), 6 survivors (6144K)
}
Event: 12.018 {heap Before GC invocations=11 (full 0):
 garbage-first heap   total reserved 2000896K, committed 118784K, used 103833K [0x0000000085e00000, 0x0000000100000000)
  region size 1024K, 52 young (53248K), 6 survivors (6144K)
}
Event: 12.060 {heap After GC invocations=12 (full 0):
 garbage-first heap   total reserved 2000896K, committed 122880K, used 68087K [0x0000000085e00000, 0x0000000100000000)
  region size 1024K, 7 young (7168K), 7 survivors (7168K)
}
Event: 12.242 {heap Before GC invocations=12 (full 0):
 garbage-first heap   total reserved 2000896K, committed 122880K, used 103927K [0x0000000085e00000, 0x0000000100000000)
  region size 1024K, 42 young (43008K), 7 survivors (7168K)
}
Event: 12.278 {heap After GC invocations=13 (full 0):
 garbage-first heap   total reserved 2000896K, committed 122880K, used 72192K [0x0000000085e00000, 0x0000000100000000)
  region size 1024K, 6 young (6144K), 6 survivors (6144K)
}
Event: 12.377 {heap Before GC invocations=14 (full 0):
 garbage-first heap   total reserved 2000896K, committed 122880K, used 102912K [0x0000000085e00000, 0x0000000100000000)
  region size 1024K, 39 young (39936K), 6 survivors (6144K)
}
Event: 13.397 {heap After GC invocations=15 (full 0):
 garbage-first heap   total reserved 2000896K, committed 240640K, used 72704K [0x0000000085e00000, 0x0000000100000000)
  region size 1024K, 3 young (3072K), 3 survivors (3072K)
}
Event: 13.439 {heap Before GC invocations=15 (full 0):
 garbage-first heap   total reserved 2000896K, committed 240640K, used 80896K [0x0000000085e00000, 0x0000000100000000)
  region size 1024K, 11 young (11264K), 3 survivors (3072K)
}
Event: 13.442 {heap After GC invocations=16 (full 0):
 garbage-first heap   total reserved 2000896K, committed 240640K, used 73467K [0x0000000085e00000, 0x0000000100000000)
  region size 1024K, 1 young (1024K), 1 survivors (1024K)
}
Event: 13.463 {heap Before GC invocations=16 (full 0):
 garbage-first heap   total reserved 2000896K, committed 240640K, used 82683K [0x0000000085e00000, 0x0000000100000000)
  region size 1024K, 11 young (11264K), 1 survivors (1024K)
}
Event: 13.467 {heap After GC invocations=17 (full 0):
 garbage-first heap   total reserved 2000896K, committed 240640K, used 71167K [0x0000000085e00000, 0x0000000100000000)
  region size 1024K, 2 young (2048K), 2 survivors (2048K)
}
Event: 13.486 {heap Before GC invocations=17 (full 0):
 garbage-first heap   total reserved 2000896K, committed 240640K, used 79359K [0x0000000085e00000, 0x0000000100000000)
  region size 1024K, 11 young (11264K), 2 survivors (2048K)
}
Event: 13.489 {heap After GC invocations=18 (full 0):
 garbage-first heap   total reserved 2000896K, committed 240640K, used 66805K [0x0000000085e00000, 0x0000000100000000)
  region size 1024K, 2 young (2048K), 2 survivors (2048K)
}
Event: 13.506 {heap Before GC invocations=18 (full 0):
 garbage-first heap   total reserved 2000896K, committed 240640K, used 74997K [0x0000000085e00000, 0x0000000100000000)
  region size 1024K, 11 young (11264K), 2 survivors (2048K)
}
Event: 13.510 {heap After GC invocations=19 (full 0):
 garbage-first heap   total reserved 2000896K, committed 240640K, used 62080K [0x0000000085e00000, 0x0000000100000000)
  region size 1024K, 2 young (2048K), 2 survivors (2048K)
}
Event: 13.523 {heap Before GC invocations=19 (full 0):
 garbage-first heap   total reserved 2000896K, committed 240640K, used 70272K [0x0000000085e00000, 0x0000000100000000)
  region size 1024K, 11 young (11264K), 2 survivors (2048K)
}

