# JRE version: OpenJDK Runtime Environment Temurin-25.0.2+10 (25.0.2+10) (build 25.0.2+10-LTS)
# Java VM: OpenJDK 64-Bit Server VM Temurin-25.0.2+10 (25.0.2+10-LTS, mixed mode, sharing, tiered, compressed oops, compressed class ptrs, g1 gc, windows-amd64)
GC Precious Log:
 CardTable entry size: 512
 Card Set container configuration: InlinePtr #cards 5 size 8 Array Of Cards #cards 10 size 36 Howl #buckets 4 coarsen threshold 1843 Howl Bitmap #cards 512 size 80 coarsen threshold 460 Card regions per heap region 1 cards per card region 2048
 CPUs: 8 total, 8 available
 Memory: 7815M
 Large Page Support: Disabled
 NUMA Support: Disabled
 Compressed Oops: Enabled (32-bit)
 Heap Region Size: 1M
 Heap Min Capacity: 8M
 Heap Initial Capacity: 124M
 Heap Max Capacity: 1954M
 Pre-touch: Disabled
 Parallel Workers: 8
 Concurrent Workers: 2
 Concurrent Refinement Workers: 8
 Periodic GC: Disabled
Heap:
 garbage-first heap   total reserved 2000896K, committed 143360K, used 60081K [0x0000000085e00000, 0x0000000100000000)
  region size 1024K, 8 young (8192K), 8 survivors (8192K)
GC Heap Usage History (20 events):
Event: 32.533 {heap After GC invocations=14 (full 0):
 garbage-first heap   total reserved 2000896K, committed 55296K, used 25808K [0x0000000085e00000, 0x0000000100000000)
  region size 1024K, 3 young (3072K), 3 survivors (3072K)
}
Event: 34.304 {heap Before GC invocations=14 (full 0):
 garbage-first heap   total reserved 2000896K, committed 55296K, used 35024K [0x0000000085e00000, 0x0000000100000000)
  region size 1024K, 12 young (12288K), 3 survivors (3072K)
}
Event: 34.315 {heap After GC invocations=15 (full 0):
 garbage-first heap   total reserved 2000896K, committed 55296K, used 26339K [0x0000000085e00000, 0x0000000100000000)
  region size 1024K, 2 young (2048K), 2 survivors (2048K)
}
Event: 34.858 {heap Before GC invocations=16 (full 0):
 garbage-first heap   total reserved 2000896K, committed 55296K, used 52963K [0x0000000085e00000, 0x0000000100000000)
  region size 1024K, 25 young (25600K), 2 survivors (2048K)
}
Event: 34.876 {heap After GC invocations=17 (full 0):
 garbage-first heap   total reserved 2000896K, committed 63488K, used 35102K [0x0000000085e00000, 0x0000000100000000)
  region size 1024K, 4 young (4096K), 4 survivors (4096K)
}
Event: 34.997 {heap Before GC invocations=17 (full 0):
 garbage-first heap   total reserved 2000896K, committed 63488K, used 53534K [0x0000000085e00000, 0x0000000100000000)
  region size 1024K, 22 young (22528K), 4 survivors (4096K)
}
Event: 35.018 {heap After GC invocations=18 (full 0):
 garbage-first heap   total reserved 2000896K, committed 64512K, used 40353K [0x0000000085e00000, 0x0000000100000000)
  region size 1024K, 3 young (3072K), 3 survivors (3072K)
}
Event: 35.125 {heap Before GC invocations=18 (full 0):
 garbage-first heap   total reserved 2000896K, committed 64512K, used 53665K [0x0000000085e00000, 0x0000000100000000)
  region size 1024K, 17 young (17408K), 3 survivors (3072K)
}
Event: 35.144 {heap After GC invocations=19 (full 0):
 garbage-first heap   total reserved 2000896K, committed 64512K, used 42990K [0x0000000085e00000, 0x0000000100000000)
  region size 1024K, 3 young (3072K), 3 survivors (3072K)
}
Event: 35.362 {heap Before GC invocations=20 (full 0):
 garbage-first heap   total reserved 2000896K, committed 71680K, used 55278K [0x0000000085e00000, 0x0000000100000000)
  region size 1024K, 16 young (16384K), 3 survivors (3072K)
}
Event: 35.381 {heap After GC invocations=21 (full 0):
 garbage-first heap   total reserved 2000896K, committed 71680K, used 45056K [0x0000000085e00000, 0x0000000100000000)
  region size 1024K, 2 young (2048K), 2 survivors (2048K)
}
Event: 35.409 {heap Before GC invocations=21 (full 0):
 garbage-first heap   total reserved 2000896K, committed 71680K, used 60416K [0x0000000085e00000, 0x0000000100000000)
  region size 1024K, 18 young (18432K), 2 survivors (2048K)
}
Event: 35.423 {heap After GC invocations=22 (full 0):
 garbage-first heap   total reserved 2000896K, committed 143360K, used 45282K [0x0000000085e00000, 0x0000000100000000)
  region size 1024K, 2 young (2048K), 2 survivors (2048K)
}
Event: 35.626 {heap Before GC invocations=22 (full 0):
 garbage-first heap   total reserved 2000896K, committed 143360K, used 109794K [0x0000000085e00000, 0x0000000100000000)
  region size 1024K, 66 young (67584K), 2 survivors (2048K)
}
Event: 35.635 {heap After GC invocations=23 (full 0):
 garbage-first heap   total reserved 2000896K, committed 143360K, used 48883K [0x0000000085e00000, 0x0000000100000000)
  region size 1024K, 5 young (5120K), 5 survivors (5120K)
}
Event: 35.760 {heap Before GC invocations=23 (full 0):
 garbage-first heap   total reserved 2000896K, committed 143360K, used 111347K [0x0000000085e00000, 0x0000000100000000)
  region size 1024K, 67 young (68608K), 5 survivors (5120K)
}
Event: 35.774 {heap After GC invocations=24 (full 0):
 garbage-first heap   total reserved 2000896K, committed 143360K, used 52723K [0x0000000085e00000, 0x0000000100000000)
  region size 1024K, 9 young (9216K), 9 survivors (9216K)
}
Event: 35.875 {heap Before GC invocations=24 (full 0):
 garbage-first heap   total reserved 2000896K, committed 143360K, used 116211K [0x0000000085e00000, 0x0000000100000000)
  region size 1024K, 72 young (73728K), 9 survivors (9216K)
}
Event: 35.891 {heap After GC invocations=25 (full 0):
 garbage-first heap   total reserved 2000896K, committed 143360K, used 57581K [0x0000000085e00000, 0x0000000100000000)
  region size 1024K, 8 young (8192K), 8 survivors (8192K)
}
Event: 35.976 {heap Before GC invocations=26 (full 0):
 garbage-first heap   total reserved 2000896K, committed 143360K, used 121069K [0x0000000085e00000, 0x0000000100000000)
  region size 1024K, 71 young (72704K), 8 survivors (8192K)
}

